
repos/Circle5/webserver ❯ ./webserver 
All good!
[INFO]: Socket on port 8080: successfully created
[INFO]: Add server sockets to poll sets
[DEBUG]: Poll timeout: no events
[DEBUG]: Client: 3
[DEBUG]: New client on fd 3
[INFO]: New client 4 created and added to poll sets
[DEBUG]: Client: 4
[DEBUG]: Client: 3
[DEBUG]: Client: 4
[DEBUG]: Client: 3
[DEBUG]: Client: 4
[DEBUG]: Client: 3
[DEBUG]: Client: 4
[DEBUG]: Client: 3
[DEBUG]: Client: 4
[DEBUG]: Client: 3
[DEBUG]: Client: 4
[DEBUG]: Client: 3
[DEBUG]: Client: 4
[DEBUG]: Client: 3
[DEBUG]: Client: 4
[DEBUG]: GET / HTTP/1.1
Host: localhost:8080
User-Agent: Go-http-client/1.1
Accept-Encoding: gzip


[INFO]: Done receving request
[DEBUG]: start with request line
[DEBUG]: done with request line
[DEBUG]: start with headers
[DEBUG]: done with headers
[INFO]: Done parsing
[INFO]: Got route
[INFO]: Validate http request
[INFO]: It is static
[DEBUG]: HTTP/1.1 200 OK
Content-Type: text/html
Content-Length: 6361
Date: Sat Apr 12 14:45:37 2025
Cache-Control: no-cache
Connection: keep-alive

<!DOCTYPE html>
<html lang="en">
<head>
    <meta charset="UTF-8">
    <title>Webserv - Red 3D Stack</title>
    <style>
        body {
            margin: 0;
            font-family: 'Courier New', monospace;
            background: linear-gradient(45deg, #cc0000, #ff3333, #990000, #ff6666);
            background-size: 400% 400%;
            animation: fadeBackground 10s ease-in-out infinite;
            color: #ffcc00;
            perspective: 1000px;
            overflow-x: hidden;
            position: relative;
        }
        .container {
            display: flex;
            flex-direction: column;
            align-items: center;
            padding: 10px 20px 20px 20px;
            position: relative;
            z-index: 1;
            transform-style: preserve-3d;
        }
        h1 {
            font-size: 60px;
            text-transform: uppercase;
            letter-spacing: 8px;
            text-align: center;
            animation: glow3D 2s infinite ease-in-out;
            text-shadow: 0 0 20px #ff3333, 0 0 40px #ff6666;
            margin-top: 40px;
            margin-bottom: 10px;
            transform: translateZ(30px);
            position: relative;
            z-index: 2;
        }
        .zone {
            background: rgba(255, 51, 0, 0.8);
            padding: 20px;
            border: 3px solid #ffcc00;
            border-radius: 20px;
            width: 80%;
            max-width: 600px;
            margin-bottom: 20px;
            transform: rotateY(10deg);
            transition: transform 0.5s;
        }
        .zone:hover {
            transform: rotateY(0deg) translateZ(50px);
            box-shadow: 0 0 30px #ff3333;
        }
        h2 {
            font-size: 24px;
            margin-bottom: 15px;
            text-shadow: 0 0 10px #ff3333;
        }
        a, button, input[type="submit"] {
            color: #ffcc00;
            background: transparent;
            border: 2px solid #ffcc00;
            padding: 10px 20px;
            border-radius: 10px;
            text-decoration: none;
            font-weight: bold;
            cursor: pointer;
            transition: all 0.3s;
            font-size: 16px;
            display: inline-block; /* Ensure consistent inline-block behavior */
            margin-right: 10px; /* Space between buttons */
        }
        a:hover, button:hover, input[type="submit"]:hover {
            background: #ffcc00;
            color: #cc0000;
            transform: scale(1.1) rotateX(10deg);
            box-shadow: 0 0 20px #ffcc00;
        }
        #success-msg {
            display: none;
            font-size: 16px;
            color: #ffcc00;
            text-shadow: 0 0 5px #ff3333;
            margin-top: 10px;
        }
        .bg-anim {
            position: absolute;
            background: rgba(255, 51, 0, 0.5);
            border-radius: 50%;
            animation: float3D 6s infinite ease-in-out;
            z-index: 0;
        }
        .bg-anim:nth-child(1) { width: 100px; height: 100px; top: 5%; left: 10%; animation-delay: 0s; }
        .bg-anim:nth-child(2) { width: 80px; height: 80px; top: 20%; right: 15%; animation-delay: 1s; }
        .bg-anim:nth-child(3) { width: 120px; height: 120px; bottom: 30%; left: 25%; animation-delay: 2s; }
        .bg-anim:nth-child(4) { width: 60px; height: 60px; bottom: 10%; right: 20%; animation-delay: 3s; }
        .bg-anim:nth-child(5) { width: 90px; height: 90px; top: 40%; left: 40%; animation-delay: 4s; }
        .bg-anim:nth-child(6) { width: 110px; height: 110px; bottom: 20%; right: 35%; animation-delay: 5s; }
        @keyframes fadeBackground {
            0% { background-position: 0% 0%; }
            50% { background-position: 100% 100%; }
            100% { background-position: 0% 0%; }
        }
        @keyframes glow3D {
            0% { transform: translateZ(30px) scale(1); text-shadow: 0 0 20px #ff3333, 0 0 40px #ff6666; }
            50% { transform: translateZ(50px) scale(1.05); text-shadow: 0 0 30px #ff3333, 0 0 60px #ff6666; }
            100% { transform: translateZ(30px) scale(1); text-shadow: 0 0 20px #ff3333, 0 0 40px #ff6666; }
        }
        @keyframes float3D {
            0% { transform: translateZ(0) translate(0, 0); }
            50% { transform: translateZ(100px) translate(50px, 50px); }
            100% { transform: translateZ(0) translate(0, 0); }
        }
    </style>
</head>
<body>
    <div class="bg-anim"></div>
    <div class="bg-anim"></div>
    <div class="bg-anim"></div>
    <div class="bg-anim"></div>
    <div class="bg-anim"></div>
    <div class="bg-anim"></div>
    <h1>Webserv</h1>
    <div class="container">
        <p>Here to serve.</p>
        <div class="zone">
            <h2>Static Upload</h2>
            <a href="/uploads/index.html">Go to Static Upload</a>
        </div>
        <div class="zone">
            <h2>Dynamic Upload (CGI)</h2>
            <button type="button" onclick="window.location.href='/dynamic-upload.html'">Choose File</button>
            <button type="button" onclick="downloadCGI()">Download via CGI</button>
            <p id="success-msg">Download Jammed Successfully!</p>
        </div>
        <div class="zone">
            <h2>Fortune Cookie</h2>
            <a href="/cgi-bin maresca/fortune.cgi">Get Your Fortune</a>
        </div>
        <div class="zone">
            <h2>Delete Zone</h2>
            <a href="/delete/index.html">Go and Delete</a>
        </div>
        <div class="zone">
            <h2>Download Zone</h2>
            <a href="/dowload/index.html">Go and Download</a>
        </div>
        <div class="zone">
            <h2>Cookies</h2>
            <a href="/cookies/index.html">Manage Cookies</a>
        </div>
        <div class="zone">
            <h2>About Us</h2>
            <a href="/about/index.html">About Us</a>
        </div>
    </div>

    <script>
        function downloadCGI() {
            // Simulate CGI download action (replace with actual CGI logic)
            setTimeout(() => {
                document.getElementById('success-msg').style.display = 'block';
                setTimeout(() => {
                    document.getElementById('success-msg').style.display = 'none';
                }, 3000); // Hide after 3 seconds
            }, 500); // Simulate delay
        }
    </script>
</body>
</html>
[INFO]: Response created successfully and store in clientQueu
[DEBUG]: Client: 3
[DEBUG]: Client: 4
[DEBUG]: Client: 3
[DEBUG]: Client: 4
[DEBUG]: Client: 3
[DEBUG]: Client: 4
[DEBUG]: Client: 3
[DEBUG]: Client: 4
[DEBUG]: Client: 3
[DEBUG]: Client: 4
[INFO]: transfer encoding
[DEBUG]: Client: 3
[DEBUG]: Client: 4
[INFO]: transfer encoding
[DEBUG]: 0


[DEBUG]: POST / HTTP/1.1
Host: localhost:8080
User-Agent: Go-http-client/1.1
Transfer-Encoding: chunked
Content-Type: test/file
Accept-Encoding: gzip

0


[INFO]: Done receving request
[DEBUG]: start with request line
[DEBUG]: done with request line
[DEBUG]: start with headers
[DEBUG]: done with headers
[INFO]: Done parsing
[INFO]: Got route
[INFO]: Validate http request
[ERROR]: 405 Method Not Allowed
[DEBUG]: Client: 3
[DEBUG]: Client: 4
[DEBUG]: Client: 3
[DEBUG]: Client: 4
[DEBUG]: Client: 3
[DEBUG]: Client: 4
[DEBUG]: Client: 3
[DEBUG]: Client: 4
[DEBUG]: Client: 3
[DEBUG]: Client: 4
[DEBUG]: HEAD / HTTP/1.1
Host: localhost:8080
User-Agent: Go-http-client/1.1


[INFO]: Done receving request
[DEBUG]: start with request line
[DEBUG]: done with request line
[DEBUG]: start with headers
[DEBUG]: done with headers
[INFO]: Done parsing
[INFO]: Got route
[INFO]: Validate http request
[ERROR]: 405 Method Not Allowed
[DEBUG]: Client: 3
[DEBUG]: Client: 4
[DEBUG]: Client: 3
[DEBUG]: Client: 4
[INFO]: Client 4 disconnected
[DEBUG]: Client: 3
[DEBUG]: New client on fd 3
[INFO]: New client 4 created and added to poll sets
[DEBUG]: Client: 4
[DEBUG]: Client: 3
[DEBUG]: Client: 4
[DEBUG]: Client: 3
[DEBUG]: Client: 4
[DEBUG]: Client: 3
[DEBUG]: Client: 4
[DEBUG]: Client: 3
[DEBUG]: Client: 4
[DEBUG]: Client: 3
[DEBUG]: Client: 4
[DEBUG]: GET /directory HTTP/1.1
Host: localhost:8080
User-Agent: Go-http-client/1.1
Accept-Encoding: gzip


[INFO]: Done receving request
[DEBUG]: start with request line
[DEBUG]: done with request line
[DEBUG]: start with headers
[DEBUG]: done with headers
[INFO]: Done parsing
[INFO]: Got route
[INFO]: Validate http request
[INFO]: It is static
[DEBUG]: HTTP/1.1 301 Moved Permanently
Location: /
Content-Length: 0
Date: Sat Apr 12 14:45:37 2025
Cache-Control: no-cache
Connection: keep-alive


[INFO]: Response created successfully and store in clientQueu
[DEBUG]: Client: 3
[DEBUG]: Client: 4
[DEBUG]: Client: 3
[DEBUG]: Client: 4
[DEBUG]: Client: 3
[DEBUG]: Client: 4
[DEBUG]: Client: 3
[DEBUG]: Client: 4
[DEBUG]: GET / HTTP/1.1
Host: localhost:8080
User-Agent: Go-http-client/1.1
Referer: http://localhost:8080/directory
Accept-Encoding: gzip


[INFO]: Done receving request
[DEBUG]: start with request line
[DEBUG]: done with request line
[DEBUG]: start with headers
[DEBUG]: done with headers
[INFO]: Done parsing
[INFO]: Got route
[INFO]: Validate http request
[INFO]: It is static
[DEBUG]: HTTP/1.1 200 OK
Content-Type: text/html
Content-Length: 6361
Date: Sat Apr 12 14:45:37 2025
Cache-Control: no-cache
Connection: keep-alive

<!DOCTYPE html>
<html lang="en">
<head>
    <meta charset="UTF-8">
    <title>Webserv - Red 3D Stack</title>
    <style>
        body {
            margin: 0;
            font-family: 'Courier New', monospace;
            background: linear-gradient(45deg, #cc0000, #ff3333, #990000, #ff6666);
            background-size: 400% 400%;
            animation: fadeBackground 10s ease-in-out infinite;
            color: #ffcc00;
            perspective: 1000px;
            overflow-x: hidden;
            position: relative;
        }
        .container {
            display: flex;
            flex-direction: column;
            align-items: center;
            padding: 10px 20px 20px 20px;
            position: relative;
            z-index: 1;
            transform-style: preserve-3d;
        }
        h1 {
            font-size: 60px;
            text-transform: uppercase;
            letter-spacing: 8px;
            text-align: center;
            animation: glow3D 2s infinite ease-in-out;
            text-shadow: 0 0 20px #ff3333, 0 0 40px #ff6666;
            margin-top: 40px;
            margin-bottom: 10px;
            transform: translateZ(30px);
            position: relative;
            z-index: 2;
        }
        .zone {
            background: rgba(255, 51, 0, 0.8);
            padding: 20px;
            border: 3px solid #ffcc00;
            border-radius: 20px;
            width: 80%;
            max-width: 600px;
            margin-bottom: 20px;
            transform: rotateY(10deg);
            transition: transform 0.5s;
        }
        .zone:hover {
            transform: rotateY(0deg) translateZ(50px);
            box-shadow: 0 0 30px #ff3333;
        }
        h2 {
            font-size: 24px;
            margin-bottom: 15px;
            text-shadow: 0 0 10px #ff3333;
        }
        a, button, input[type="submit"] {
            color: #ffcc00;
            background: transparent;
            border: 2px solid #ffcc00;
            padding: 10px 20px;
            border-radius: 10px;
            text-decoration: none;
            font-weight: bold;
            cursor: pointer;
            transition: all 0.3s;
            font-size: 16px;
            display: inline-block; /* Ensure consistent inline-block behavior */
            margin-right: 10px; /* Space between buttons */
        }
        a:hover, button:hover, input[type="submit"]:hover {
            background: #ffcc00;
            color: #cc0000;
            transform: scale(1.1) rotateX(10deg);
            box-shadow: 0 0 20px #ffcc00;
        }
        #success-msg {
            display: none;
            font-size: 16px;
            color: #ffcc00;
            text-shadow: 0 0 5px #ff3333;
            margin-top: 10px;
        }
        .bg-anim {
            position: absolute;
            background: rgba(255, 51, 0, 0.5);
            border-radius: 50%;
            animation: float3D 6s infinite ease-in-out;
            z-index: 0;
        }
        .bg-anim:nth-child(1) { width: 100px; height: 100px; top: 5%; left: 10%; animation-delay: 0s; }
        .bg-anim:nth-child(2) { width: 80px; height: 80px; top: 20%; right: 15%; animation-delay: 1s; }
        .bg-anim:nth-child(3) { width: 120px; height: 120px; bottom: 30%; left: 25%; animation-delay: 2s; }
        .bg-anim:nth-child(4) { width: 60px; height: 60px; bottom: 10%; right: 20%; animation-delay: 3s; }
        .bg-anim:nth-child(5) { width: 90px; height: 90px; top: 40%; left: 40%; animation-delay: 4s; }
        .bg-anim:nth-child(6) { width: 110px; height: 110px; bottom: 20%; right: 35%; animation-delay: 5s; }
        @keyframes fadeBackground {
            0% { background-position: 0% 0%; }
            50% { background-position: 100% 100%; }
            100% { background-position: 0% 0%; }
        }
        @keyframes glow3D {
            0% { transform: translateZ(30px) scale(1); text-shadow: 0 0 20px #ff3333, 0 0 40px #ff6666; }
            50% { transform: translateZ(50px) scale(1.05); text-shadow: 0 0 30px #ff3333, 0 0 60px #ff6666; }
            100% { transform: translateZ(30px) scale(1); text-shadow: 0 0 20px #ff3333, 0 0 40px #ff6666; }
        }
        @keyframes float3D {
            0% { transform: translateZ(0) translate(0, 0); }
            50% { transform: translateZ(100px) translate(50px, 50px); }
            100% { transform: translateZ(0) translate(0, 0); }
        }
    </style>
</head>
<body>
    <div class="bg-anim"></div>
    <div class="bg-anim"></div>
    <div class="bg-anim"></div>
    <div class="bg-anim"></div>
    <div class="bg-anim"></div>
    <div class="bg-anim"></div>
    <h1>Webserv</h1>
    <div class="container">
        <p>Here to serve.</p>
        <div class="zone">
            <h2>Static Upload</h2>
            <a href="/uploads/index.html">Go to Static Upload</a>
        </div>
        <div class="zone">
            <h2>Dynamic Upload (CGI)</h2>
            <button type="button" onclick="window.location.href='/dynamic-upload.html'">Choose File</button>
            <button type="button" onclick="downloadCGI()">Download via CGI</button>
            <p id="success-msg">Download Jammed Successfully!</p>
        </div>
        <div class="zone">
            <h2>Fortune Cookie</h2>
            <a href="/cgi-bin maresca/fortune.cgi">Get Your Fortune</a>
        </div>
        <div class="zone">
            <h2>Delete Zone</h2>
            <a href="/delete/index.html">Go and Delete</a>
        </div>
        <div class="zone">
            <h2>Download Zone</h2>
            <a href="/dowload/index.html">Go and Download</a>
        </div>
        <div class="zone">
            <h2>Cookies</h2>
            <a href="/cookies/index.html">Manage Cookies</a>
        </div>
        <div class="zone">
            <h2>About Us</h2>
            <a href="/about/index.html">About Us</a>
        </div>
    </div>

    <script>
        function downloadCGI() {
            // Simulate CGI download action (replace with actual CGI logic)
            setTimeout(() => {
                document.getElementById('success-msg').style.display = 'block';
                setTimeout(() => {
                    document.getElementById('success-msg').style.display = 'none';
                }, 3000); // Hide after 3 seconds
            }, 500); // Simulate delay
        }
    </script>
</body>
</html>
[INFO]: Response created successfully and store in clientQueu
[DEBUG]: Client: 3
[DEBUG]: Client: 4
[DEBUG]: Client: 3
[DEBUG]: Client: 4
[DEBUG]: Client: 3
[DEBUG]: Client: 4
[DEBUG]: Client: 3
[DEBUG]: Client: 4
[DEBUG]: Client: 3
[DEBUG]: Client: 4
[DEBUG]: GET /directory/youpi.bad_extension HTTP/1.1
Host: localhost:8080
User-Agent: Go-http-client/1.1
Accept-Encoding: gzip


[INFO]: Done receving request
[DEBUG]: start with request line
[DEBUG]: done with request line
[DEBUG]: start with headers
[DEBUG]: done with headers
[INFO]: Done parsing
[INFO]: Got route
[INFO]: Validate http request
[INFO]: It is static
[DEBUG]: HTTP/1.1 301 Moved Permanently
Location: /
Content-Length: 0
Date: Sat Apr 12 14:45:37 2025
Cache-Control: no-cache
Connection: keep-alive


[INFO]: Response created successfully and store in clientQueu
[DEBUG]: Client: 3
[DEBUG]: Client: 4
[DEBUG]: Client: 3
[DEBUG]: Client: 4
[DEBUG]: Client: 3
[DEBUG]: Client: 4
[DEBUG]: GET / HTTP/1.1
Host: localhost:8080
User-Agent: Go-http-client/1.1
Referer: http://localhost:8080/directory/youpi.bad_extension
Accept-Encoding: gzip


[INFO]: Done receving request
[DEBUG]: start with request line
[DEBUG]: done with request line
[DEBUG]: start with headers
[DEBUG]: done with headers
[INFO]: Done parsing
[INFO]: Got route
[INFO]: Validate http request
[INFO]: It is static
[DEBUG]: HTTP/1.1 200 OK
Content-Type: text/html
Content-Length: 6361
Date: Sat Apr 12 14:45:37 2025
Cache-Control: no-cache
Connection: keep-alive

<!DOCTYPE html>
<html lang="en">
<head>
    <meta charset="UTF-8">
    <title>Webserv - Red 3D Stack</title>
    <style>
        body {
            margin: 0;
            font-family: 'Courier New', monospace;
            background: linear-gradient(45deg, #cc0000, #ff3333, #990000, #ff6666);
            background-size: 400% 400%;
            animation: fadeBackground 10s ease-in-out infinite;
            color: #ffcc00;
            perspective: 1000px;
            overflow-x: hidden;
            position: relative;
        }
        .container {
            display: flex;
            flex-direction: column;
            align-items: center;
            padding: 10px 20px 20px 20px;
            position: relative;
            z-index: 1;
            transform-style: preserve-3d;
        }
        h1 {
            font-size: 60px;
            text-transform: uppercase;
            letter-spacing: 8px;
            text-align: center;
            animation: glow3D 2s infinite ease-in-out;
            text-shadow: 0 0 20px #ff3333, 0 0 40px #ff6666;
            margin-top: 40px;
            margin-bottom: 10px;
            transform: translateZ(30px);
            position: relative;
            z-index: 2;
        }
        .zone {
            background: rgba(255, 51, 0, 0.8);
            padding: 20px;
            border: 3px solid #ffcc00;
            border-radius: 20px;
            width: 80%;
            max-width: 600px;
            margin-bottom: 20px;
            transform: rotateY(10deg);
            transition: transform 0.5s;
        }
        .zone:hover {
            transform: rotateY(0deg) translateZ(50px);
            box-shadow: 0 0 30px #ff3333;
        }
        h2 {
            font-size: 24px;
            margin-bottom: 15px;
            text-shadow: 0 0 10px #ff3333;
        }
        a, button, input[type="submit"] {
            color: #ffcc00;
            background: transparent;
            border: 2px solid #ffcc00;
            padding: 10px 20px;
            border-radius: 10px;
            text-decoration: none;
            font-weight: bold;
            cursor: pointer;
            transition: all 0.3s;
            font-size: 16px;
            display: inline-block; /* Ensure consistent inline-block behavior */
            margin-right: 10px; /* Space between buttons */
        }
        a:hover, button:hover, input[type="submit"]:hover {
            background: #ffcc00;
            color: #cc0000;
            transform: scale(1.1) rotateX(10deg);
            box-shadow: 0 0 20px #ffcc00;
        }
        #success-msg {
            display: none;
            font-size: 16px;
            color: #ffcc00;
            text-shadow: 0 0 5px #ff3333;
            margin-top: 10px;
        }
        .bg-anim {
            position: absolute;
            background: rgba(255, 51, 0, 0.5);
            border-radius: 50%;
            animation: float3D 6s infinite ease-in-out;
            z-index: 0;
        }
        .bg-anim:nth-child(1) { width: 100px; height: 100px; top: 5%; left: 10%; animation-delay: 0s; }
        .bg-anim:nth-child(2) { width: 80px; height: 80px; top: 20%; right: 15%; animation-delay: 1s; }
        .bg-anim:nth-child(3) { width: 120px; height: 120px; bottom: 30%; left: 25%; animation-delay: 2s; }
        .bg-anim:nth-child(4) { width: 60px; height: 60px; bottom: 10%; right: 20%; animation-delay: 3s; }
        .bg-anim:nth-child(5) { width: 90px; height: 90px; top: 40%; left: 40%; animation-delay: 4s; }
        .bg-anim:nth-child(6) { width: 110px; height: 110px; bottom: 20%; right: 35%; animation-delay: 5s; }
        @keyframes fadeBackground {
            0% { background-position: 0% 0%; }
            50% { background-position: 100% 100%; }
            100% { background-position: 0% 0%; }
        }
        @keyframes glow3D {
            0% { transform: translateZ(30px) scale(1); text-shadow: 0 0 20px #ff3333, 0 0 40px #ff6666; }
            50% { transform: translateZ(50px) scale(1.05); text-shadow: 0 0 30px #ff3333, 0 0 60px #ff6666; }
            100% { transform: translateZ(30px) scale(1); text-shadow: 0 0 20px #ff3333, 0 0 40px #ff6666; }
        }
        @keyframes float3D {
            0% { transform: translateZ(0) translate(0, 0); }
            50% { transform: translateZ(100px) translate(50px, 50px); }
            100% { transform: translateZ(0) translate(0, 0); }
        }
    </style>
</head>
<body>
    <div class="bg-anim"></div>
    <div class="bg-anim"></div>
    <div class="bg-anim"></div>
    <div class="bg-anim"></div>
    <div class="bg-anim"></div>
    <div class="bg-anim"></div>
    <h1>Webserv</h1>
    <div class="container">
        <p>Here to serve.</p>
        <div class="zone">
            <h2>Static Upload</h2>
            <a href="/uploads/index.html">Go to Static Upload</a>
        </div>
        <div class="zone">
            <h2>Dynamic Upload (CGI)</h2>
            <button type="button" onclick="window.location.href='/dynamic-upload.html'">Choose File</button>
            <button type="button" onclick="downloadCGI()">Download via CGI</button>
            <p id="success-msg">Download Jammed Successfully!</p>
        </div>
        <div class="zone">
            <h2>Fortune Cookie</h2>
            <a href="/cgi-bin maresca/fortune.cgi">Get Your Fortune</a>
        </div>
        <div class="zone">
            <h2>Delete Zone</h2>
            <a href="/delete/index.html">Go and Delete</a>
        </div>
        <div class="zone">
            <h2>Download Zone</h2>
            <a href="/dowload/index.html">Go and Download</a>
        </div>
        <div class="zone">
            <h2>Cookies</h2>
            <a href="/cookies/index.html">Manage Cookies</a>
        </div>
        <div class="zone">
            <h2>About Us</h2>
            <a href="/about/index.html">About Us</a>
        </div>
    </div>

    <script>
        function downloadCGI() {
            // Simulate CGI download action (replace with actual CGI logic)
            setTimeout(() => {
                document.getElementById('success-msg').style.display = 'block';
                setTimeout(() => {
                    document.getElementById('success-msg').style.display = 'none';
                }, 3000); // Hide after 3 seconds
            }, 500); // Simulate delay
        }
    </script>
</body>
</html>
[INFO]: Response created successfully and store in clientQueu
[DEBUG]: Client: 3
[DEBUG]: Client: 4
[DEBUG]: Client: 3
[DEBUG]: Client: 4
[DEBUG]: Client: 3
[DEBUG]: Client: 4
[DEBUG]: Client: 3
[DEBUG]: Client: 4
[DEBUG]: Client: 3
[DEBUG]: Client: 4
[DEBUG]: GET /directory/youpi.bla HTTP/1.1
Host: localhost:8080
User-Agent: Go-http-client/1.1
Accept-Encoding: gzip


[INFO]: Done receving request
[DEBUG]: start with request line
[DEBUG]: done with request line
[DEBUG]: start with headers
[DEBUG]: done with headers
[INFO]: Done parsing
[INFO]: Got route
[INFO]: Validate http request
[INFO]: It is static
[DEBUG]: HTTP/1.1 301 Moved Permanently
Location: /
Content-Length: 0
Date: Sat Apr 12 14:45:37 2025
Cache-Control: no-cache
Connection: keep-alive


[INFO]: Response created successfully and store in clientQueu
[DEBUG]: Client: 3
[DEBUG]: Client: 4
[DEBUG]: Client: 3
[DEBUG]: Client: 4
[DEBUG]: Client: 3
[DEBUG]: Client: 4
[DEBUG]: Client: 3
[DEBUG]: Client: 4
[DEBUG]: Client: 3
[DEBUG]: Client: 4
[DEBUG]: Client: 3
[DEBUG]: Client: 4
[DEBUG]: Client: 3
[DEBUG]: Client: 4
[DEBUG]: Client: 3
[DEBUG]: Client: 4
[DEBUG]: GET / HTTP/1.1
Host: localhost:8080
User-Agent: Go-http-client/1.1
Referer: http://localhost:8080/directory/youpi.bla
Accept-Encoding: gzip


[INFO]: Done receving request
[DEBUG]: start with request line
[DEBUG]: done with request line
[DEBUG]: start with headers
[DEBUG]: done with headers
[INFO]: Done parsing
[INFO]: Got route
[INFO]: Validate http request
[INFO]: It is static
[DEBUG]: HTTP/1.1 200 OK
Content-Type: text/html
Content-Length: 6361
Date: Sat Apr 12 14:45:37 2025
Cache-Control: no-cache
Connection: keep-alive

<!DOCTYPE html>
<html lang="en">
<head>
    <meta charset="UTF-8">
    <title>Webserv - Red 3D Stack</title>
    <style>
        body {
            margin: 0;
            font-family: 'Courier New', monospace;
            background: linear-gradient(45deg, #cc0000, #ff3333, #990000, #ff6666);
            background-size: 400% 400%;
            animation: fadeBackground 10s ease-in-out infinite;
            color: #ffcc00;
            perspective: 1000px;
            overflow-x: hidden;
            position: relative;
        }
        .container {
            display: flex;
            flex-direction: column;
            align-items: center;
            padding: 10px 20px 20px 20px;
            position: relative;
            z-index: 1;
            transform-style: preserve-3d;
        }
        h1 {
            font-size: 60px;
            text-transform: uppercase;
            letter-spacing: 8px;
            text-align: center;
            animation: glow3D 2s infinite ease-in-out;
            text-shadow: 0 0 20px #ff3333, 0 0 40px #ff6666;
            margin-top: 40px;
            margin-bottom: 10px;
            transform: translateZ(30px);
            position: relative;
            z-index: 2;
        }
        .zone {
            background: rgba(255, 51, 0, 0.8);
            padding: 20px;
            border: 3px solid #ffcc00;
            border-radius: 20px;
            width: 80%;
            max-width: 600px;
            margin-bottom: 20px;
            transform: rotateY(10deg);
            transition: transform 0.5s;
        }
        .zone:hover {
            transform: rotateY(0deg) translateZ(50px);
            box-shadow: 0 0 30px #ff3333;
        }
        h2 {
            font-size: 24px;
            margin-bottom: 15px;
            text-shadow: 0 0 10px #ff3333;
        }
        a, button, input[type="submit"] {
            color: #ffcc00;
            background: transparent;
            border: 2px solid #ffcc00;
            padding: 10px 20px;
            border-radius: 10px;
            text-decoration: none;
            font-weight: bold;
            cursor: pointer;
            transition: all 0.3s;
            font-size: 16px;
            display: inline-block; /* Ensure consistent inline-block behavior */
            margin-right: 10px; /* Space between buttons */
        }
        a:hover, button:hover, input[type="submit"]:hover {
            background: #ffcc00;
            color: #cc0000;
            transform: scale(1.1) rotateX(10deg);
            box-shadow: 0 0 20px #ffcc00;
        }
        #success-msg {
            display: none;
            font-size: 16px;
            color: #ffcc00;
            text-shadow: 0 0 5px #ff3333;
            margin-top: 10px;
        }
        .bg-anim {
            position: absolute;
            background: rgba(255, 51, 0, 0.5);
            border-radius: 50%;
            animation: float3D 6s infinite ease-in-out;
            z-index: 0;
        }
        .bg-anim:nth-child(1) { width: 100px; height: 100px; top: 5%; left: 10%; animation-delay: 0s; }
        .bg-anim:nth-child(2) { width: 80px; height: 80px; top: 20%; right: 15%; animation-delay: 1s; }
        .bg-anim:nth-child(3) { width: 120px; height: 120px; bottom: 30%; left: 25%; animation-delay: 2s; }
        .bg-anim:nth-child(4) { width: 60px; height: 60px; bottom: 10%; right: 20%; animation-delay: 3s; }
        .bg-anim:nth-child(5) { width: 90px; height: 90px; top: 40%; left: 40%; animation-delay: 4s; }
        .bg-anim:nth-child(6) { width: 110px; height: 110px; bottom: 20%; right: 35%; animation-delay: 5s; }
        @keyframes fadeBackground {
            0% { background-position: 0% 0%; }
            50% { background-position: 100% 100%; }
            100% { background-position: 0% 0%; }
        }
        @keyframes glow3D {
            0% { transform: translateZ(30px) scale(1); text-shadow: 0 0 20px #ff3333, 0 0 40px #ff6666; }
            50% { transform: translateZ(50px) scale(1.05); text-shadow: 0 0 30px #ff3333, 0 0 60px #ff6666; }
            100% { transform: translateZ(30px) scale(1); text-shadow: 0 0 20px #ff3333, 0 0 40px #ff6666; }
        }
        @keyframes float3D {
            0% { transform: translateZ(0) translate(0, 0); }
            50% { transform: translateZ(100px) translate(50px, 50px); }
            100% { transform: translateZ(0) translate(0, 0); }
        }
    </style>
</head>
<body>
    <div class="bg-anim"></div>
    <div class="bg-anim"></div>
    <div class="bg-anim"></div>
    <div class="bg-anim"></div>
    <div class="bg-anim"></div>
    <div class="bg-anim"></div>
    <h1>Webserv</h1>
    <div class="container">
        <p>Here to serve.</p>
        <div class="zone">
            <h2>Static Upload</h2>
            <a href="/uploads/index.html">Go to Static Upload</a>
        </div>
        <div class="zone">
            <h2>Dynamic Upload (CGI)</h2>
            <button type="button" onclick="window.location.href='/dynamic-upload.html'">Choose File</button>
            <button type="button" onclick="downloadCGI()">Download via CGI</button>
            <p id="success-msg">Download Jammed Successfully!</p>
        </div>
        <div class="zone">
            <h2>Fortune Cookie</h2>
            <a href="/cgi-bin maresca/fortune.cgi">Get Your Fortune</a>
        </div>
        <div class="zone">
            <h2>Delete Zone</h2>
            <a href="/delete/index.html">Go and Delete</a>
        </div>
        <div class="zone">
            <h2>Download Zone</h2>
            <a href="/dowload/index.html">Go and Download</a>
        </div>
        <div class="zone">
            <h2>Cookies</h2>
            <a href="/cookies/index.html">Manage Cookies</a>
        </div>
        <div class="zone">
            <h2>About Us</h2>
            <a href="/about/index.html">About Us</a>
        </div>
    </div>

    <script>
        function downloadCGI() {
            // Simulate CGI download action (replace with actual CGI logic)
            setTimeout(() => {
                document.getElementById('success-msg').style.display = 'block';
                setTimeout(() => {
                    document.getElementById('success-msg').style.display = 'none';
                }, 3000); // Hide after 3 seconds
            }, 500); // Simulate delay
        }
    </script>
</body>
</html>
[INFO]: Response created successfully and store in clientQueu
[DEBUG]: Client: 3
[DEBUG]: Client: 4
[DEBUG]: Client: 3
[DEBUG]: Client: 4
[DEBUG]: Client: 3
[DEBUG]: Client: 4
[DEBUG]: Client: 3
[DEBUG]: Client: 4
[DEBUG]: Client: 3
[DEBUG]: Client: 4
[DEBUG]: GET /directory/oulalala HTTP/1.1
Host: localhost:8080
User-Agent: Go-http-client/1.1
Accept-Encoding: gzip


[INFO]: Done receving request
[DEBUG]: start with request line
[DEBUG]: done with request line
[DEBUG]: start with headers
[DEBUG]: done with headers
[INFO]: Done parsing
[INFO]: Got route
[INFO]: Validate http request
[INFO]: It is static
[DEBUG]: HTTP/1.1 301 Moved Permanently
Location: /
Content-Length: 0
Date: Sat Apr 12 14:45:37 2025
Cache-Control: no-cache
Connection: keep-alive


[INFO]: Response created successfully and store in clientQueu
[DEBUG]: Client: 3
[DEBUG]: Client: 4
[DEBUG]: Client: 3
[DEBUG]: Client: 4
[DEBUG]: Client: 3
[DEBUG]: Client: 4
[DEBUG]: Client: 3
[DEBUG]: Client: 4
[DEBUG]: Client: 3
[DEBUG]: Client: 4
[DEBUG]: Client: 3
[DEBUG]: Client: 4
[DEBUG]: GET / HTTP/1.1
Host: localhost:8080
User-Agent: Go-http-client/1.1
Referer: http://localhost:8080/directory/oulalala
Accept-Encoding: gzip


[INFO]: Done receving request
[DEBUG]: start with request line
[DEBUG]: done with request line
[DEBUG]: start with headers
[DEBUG]: done with headers
[INFO]: Done parsing
[INFO]: Got route
[INFO]: Validate http request
[INFO]: It is static
[DEBUG]: HTTP/1.1 200 OK
Content-Type: text/html
Content-Length: 6361
Date: Sat Apr 12 14:45:37 2025
Cache-Control: no-cache
Connection: keep-alive

<!DOCTYPE html>
<html lang="en">
<head>
    <meta charset="UTF-8">
    <title>Webserv - Red 3D Stack</title>
    <style>
        body {
            margin: 0;
            font-family: 'Courier New', monospace;
            background: linear-gradient(45deg, #cc0000, #ff3333, #990000, #ff6666);
            background-size: 400% 400%;
            animation: fadeBackground 10s ease-in-out infinite;
            color: #ffcc00;
            perspective: 1000px;
            overflow-x: hidden;
            position: relative;
        }
        .container {
            display: flex;
            flex-direction: column;
            align-items: center;
            padding: 10px 20px 20px 20px;
            position: relative;
            z-index: 1;
            transform-style: preserve-3d;
        }
        h1 {
            font-size: 60px;
            text-transform: uppercase;
            letter-spacing: 8px;
            text-align: center;
            animation: glow3D 2s infinite ease-in-out;
            text-shadow: 0 0 20px #ff3333, 0 0 40px #ff6666;
            margin-top: 40px;
            margin-bottom: 10px;
            transform: translateZ(30px);
            position: relative;
            z-index: 2;
        }
        .zone {
            background: rgba(255, 51, 0, 0.8);
            padding: 20px;
            border: 3px solid #ffcc00;
            border-radius: 20px;
            width: 80%;
            max-width: 600px;
            margin-bottom: 20px;
            transform: rotateY(10deg);
            transition: transform 0.5s;
        }
        .zone:hover {
            transform: rotateY(0deg) translateZ(50px);
            box-shadow: 0 0 30px #ff3333;
        }
        h2 {
            font-size: 24px;
            margin-bottom: 15px;
            text-shadow: 0 0 10px #ff3333;
        }
        a, button, input[type="submit"] {
            color: #ffcc00;
            background: transparent;
            border: 2px solid #ffcc00;
            padding: 10px 20px;
            border-radius: 10px;
            text-decoration: none;
            font-weight: bold;
            cursor: pointer;
            transition: all 0.3s;
            font-size: 16px;
            display: inline-block; /* Ensure consistent inline-block behavior */
            margin-right: 10px; /* Space between buttons */
        }
        a:hover, button:hover, input[type="submit"]:hover {
            background: #ffcc00;
            color: #cc0000;
            transform: scale(1.1) rotateX(10deg);
            box-shadow: 0 0 20px #ffcc00;
        }
        #success-msg {
            display: none;
            font-size: 16px;
            color: #ffcc00;
            text-shadow: 0 0 5px #ff3333;
            margin-top: 10px;
        }
        .bg-anim {
            position: absolute;
            background: rgba(255, 51, 0, 0.5);
            border-radius: 50%;
            animation: float3D 6s infinite ease-in-out;
            z-index: 0;
        }
        .bg-anim:nth-child(1) { width: 100px; height: 100px; top: 5%; left: 10%; animation-delay: 0s; }
        .bg-anim:nth-child(2) { width: 80px; height: 80px; top: 20%; right: 15%; animation-delay: 1s; }
        .bg-anim:nth-child(3) { width: 120px; height: 120px; bottom: 30%; left: 25%; animation-delay: 2s; }
        .bg-anim:nth-child(4) { width: 60px; height: 60px; bottom: 10%; right: 20%; animation-delay: 3s; }
        .bg-anim:nth-child(5) { width: 90px; height: 90px; top: 40%; left: 40%; animation-delay: 4s; }
        .bg-anim:nth-child(6) { width: 110px; height: 110px; bottom: 20%; right: 35%; animation-delay: 5s; }
        @keyframes fadeBackground {
            0% { background-position: 0% 0%; }
            50% { background-position: 100% 100%; }
            100% { background-position: 0% 0%; }
        }
        @keyframes glow3D {
            0% { transform: translateZ(30px) scale(1); text-shadow: 0 0 20px #ff3333, 0 0 40px #ff6666; }
            50% { transform: translateZ(50px) scale(1.05); text-shadow: 0 0 30px #ff3333, 0 0 60px #ff6666; }
            100% { transform: translateZ(30px) scale(1); text-shadow: 0 0 20px #ff3333, 0 0 40px #ff6666; }
        }
        @keyframes float3D {
            0% { transform: translateZ(0) translate(0, 0); }
            50% { transform: translateZ(100px) translate(50px, 50px); }
            100% { transform: translateZ(0) translate(0, 0); }
        }
    </style>
</head>
<body>
    <div class="bg-anim"></div>
    <div class="bg-anim"></div>
    <div class="bg-anim"></div>
    <div class="bg-anim"></div>
    <div class="bg-anim"></div>
    <div class="bg-anim"></div>
    <h1>Webserv</h1>
    <div class="container">
        <p>Here to serve.</p>
        <div class="zone">
            <h2>Static Upload</h2>
            <a href="/uploads/index.html">Go to Static Upload</a>
        </div>
        <div class="zone">
            <h2>Dynamic Upload (CGI)</h2>
            <button type="button" onclick="window.location.href='/dynamic-upload.html'">Choose File</button>
            <button type="button" onclick="downloadCGI()">Download via CGI</button>
            <p id="success-msg">Download Jammed Successfully!</p>
        </div>
        <div class="zone">
            <h2>Fortune Cookie</h2>
            <a href="/cgi-bin maresca/fortune.cgi">Get Your Fortune</a>
        </div>
        <div class="zone">
            <h2>Delete Zone</h2>
            <a href="/delete/index.html">Go and Delete</a>
        </div>
        <div class="zone">
            <h2>Download Zone</h2>
            <a href="/dowload/index.html">Go and Download</a>
        </div>
        <div class="zone">
            <h2>Cookies</h2>
            <a href="/cookies/index.html">Manage Cookies</a>
        </div>
        <div class="zone">
            <h2>About Us</h2>
            <a href="/about/index.html">About Us</a>
        </div>
    </div>

    <script>
        function downloadCGI() {
            // Simulate CGI download action (replace with actual CGI logic)
            setTimeout(() => {
                document.getElementById('success-msg').style.display = 'block';
                setTimeout(() => {
                    document.getElementById('success-msg').style.display = 'none';
                }, 3000); // Hide after 3 seconds
            }, 500); // Simulate delay
        }
    </script>
</body>
</html>
[INFO]: Response created successfully and store in clientQueu
[DEBUG]: Client: 3
[DEBUG]: Client: 4
[DEBUG]: Client: 3
[DEBUG]: Client: 4
[INFO]: Client 4 disconnected
[DEBUG]: Poll timeout: no events
[DEBUG]: Poll timeout: no events
[DEBUG]: Poll timeout: no events
[DEBUG]: Poll timeout: no events
[DEBUG]: Poll timeout: no events
[DEBUG]: Poll timeout: no events
[DEBUG]: Poll timeout: no events
[DEBUG]: Poll timeout: no events
[DEBUG]: Poll timeout: no events
[DEBUG]: Poll timeout: no events
[DEBUG]: Poll timeout: no events
[DEBUG]: Poll timeout: no events
[DEBUG]: Poll timeout: no events
[DEBUG]: Poll timeout: no events
[DEBUG]: Poll timeout: no events
[DEBUG]: Poll timeout: no events
[DEBUG]: Poll timeout: no events
[DEBUG]: Poll timeout: no events
[DEBUG]: Poll timeout: no events
[DEBUG]: Poll timeout: no events
^C